2020-12-18 14:42:04: Cobas AmpliPrep handler started...
2020-12-18 14:42:04: Starting Server socket on port 5150
2020-12-18 14:42:04: Waiting for Equipment connection...
2020-12-18 14:42:04: Listening on port 5150...
2020-12-18 14:45:26: Cobas AmpliPrep handler started...
2020-12-18 14:45:26: Starting Server socket on port 5150
2020-12-18 14:45:26: Waiting for Equipment connection...
2020-12-18 14:45:26: Listening on port 5150...
2020-12-18 15:20:45: Cobas AmpliPrep handler started...
2020-12-18 15:20:45: Starting Server socket on port 5150
2020-12-18 15:20:45: Waiting for Equipment connection...
2020-12-18 15:20:45: Listening on port 5150...
2020-12-18 15:22:46: GeneXpert handler started...
2020-12-18 15:22:46: Starting Server socket on port 5150
2020-12-18 15:22:46: Waiting for Equipment connection...
2020-12-18 15:22:46: Listening on port 5150...
2020-12-18 15:25:34: GeneXpert is now Connected...
2020-12-18 15:25:34: Client thread has started
2020-12-18 15:25:34: Client thread has started
2020-12-18 15:27:19: GeneXpert handler started...
2020-12-18 15:27:19: Starting Server socket on port 5150
2020-12-18 15:27:19: Waiting for Equipment connection...
2020-12-18 15:27:19: Listening on port 5150...
2020-12-18 15:27:19: GeneXpert is now Connected...
2020-12-18 15:27:19: Client thread has started
2020-12-18 15:27:19: Client thread has started
2020-12-18 15:28:10: GeneXpert handler started...
2020-12-18 15:28:10: Starting Server socket on port 5150
2020-12-18 15:28:11: Waiting for Equipment connection...
2020-12-18 15:28:11: Listening on port 5150...
2020-12-18 15:28:11: GeneXpert is now Connected...
2020-12-18 15:28:11: Client thread has started
2020-12-18 15:28:11: Client thread has started
2020-12-18 15:31:02: GeneXpert handler started...
2020-12-18 15:31:02: Starting Server socket on port 5150
2020-12-18 15:31:02: Waiting for Equipment connection...
2020-12-18 15:31:02: Listening on port 5150...
2020-12-18 15:31:03: GeneXpert is now Connected...
2020-12-18 15:31:03: Client thread has started
2020-12-18 15:31:03: Client thread has started
2020-12-18 15:32:44: GeneXpert handler started...
2020-12-18 15:32:44: Starting Server socket on port 5150
2020-12-18 15:32:44: Waiting for Equipment connection...
2020-12-18 15:32:44: Listening on port 5150...
2020-12-18 15:32:45: GeneXpert is now Connected...
2020-12-18 15:32:45: Client thread has started
2020-12-18 15:32:45: Client thread has started
2020-12-18 15:34:47: GeneXpert handler started...
2020-12-18 15:34:47: Starting Server socket on port 5150
2020-12-18 15:34:47: Waiting for Equipment connection...
2020-12-18 15:34:47: Listening on port 5150...
2020-12-18 15:34:47: GeneXpert is now Connected...
2020-12-18 15:34:47: Client thread has started
2020-12-18 15:34:47: Client thread has started
2020-12-18 15:37:18: GeneXpert handler started...
2020-12-18 15:37:18: Starting Server socket on port 5150
2020-12-18 15:37:18: Waiting for Equipment connection...
2020-12-18 15:37:18: Listening on port 5150...
2020-12-18 15:37:18: GeneXpert is now Connected...
2020-12-18 15:37:18: Client thread has started
2020-12-18 15:37:18: Client thread has started
