2021-08-19 15:19:53: GeneXpert handler started...
2021-08-19 15:19:53: Starting Server socket on port 5150
2021-08-19 15:19:53: Waiting for Equipment connection...
2021-08-19 15:19:53: Listening on port 5150...
2021-08-19 15:21:15: GeneXpert is now Connected...
2021-08-19 15:21:15: Client thread has started
2021-08-19 15:21:15: Client thread has started
2021-08-19 15:24:40: GeneXpert handler started...
2021-08-19 15:24:40: Starting Server socket on port 5150
2021-08-19 15:24:40: Waiting for Equipment connection...
2021-08-19 15:24:40: Listening on port 5150...
2021-08-19 15:24:40: GeneXpert is now Connected...
2021-08-19 15:24:40: Client thread has started
2021-08-19 15:24:40: Client thread has started
2021-08-19 15:25:47: GeneXpert handler started...
2021-08-19 15:25:47: Starting Server socket on port 5150
2021-08-19 15:25:47: Waiting for Equipment connection...
2021-08-19 15:25:47: Listening on port 5150...
2021-08-19 15:25:48: GeneXpert is now Connected...
2021-08-19 15:25:48: Client thread has started
2021-08-19 15:25:48: Client thread has started
2021-08-19 15:26:20: GeneXpert handler started...
2021-08-19 15:26:20: Starting Server socket on port 5150
2021-08-19 15:26:20: Waiting for Equipment connection...
2021-08-19 15:26:20: Listening on port 5150...
2021-08-19 15:26:21: GeneXpert is now Connected...
2021-08-19 15:26:21: Client thread has started
2021-08-19 15:26:21: Client thread has started
2021-08-19 15:36:27: GeneXpert handler stopped
2021-08-19 15:36:36: GeneXpert handler started...
2021-08-19 15:36:36: Starting Server socket on port 5150
2021-08-19 15:36:36: Waiting for Equipment connection...
2021-08-19 15:36:36: Listening on port 5150...
2021-08-19 15:36:36: GeneXpert is now Connected...
2021-08-19 15:36:36: Client thread has started
2021-08-19 15:36:36: Client thread has started
2021-08-19 15:37:56: GeneXpert handler started...
2021-08-19 15:37:56: Starting Server socket on port 5150
2021-08-19 15:37:56: Waiting for Equipment connection...
2021-08-19 15:37:56: Listening on port 5150...
2021-08-19 15:37:57: GeneXpert is now Connected...
2021-08-19 15:37:57: Client thread has started
2021-08-19 15:37:57: Client thread has started
2021-08-19 15:39:12: GeneXpert handler started...
2021-08-19 15:39:12: Starting Server socket on port 5150
2021-08-19 15:39:12: Waiting for Equipment connection...
2021-08-19 15:39:12: Listening on port 5150...
2021-08-19 15:39:12: GeneXpert is now Connected...
2021-08-19 15:39:12: Client thread has started
2021-08-19 15:39:12: Client thread has started
