2019-09-17 11:27:04: SYSMEX KX-21N handler started...
2019-09-17 11:27:04: Checking available ports on this system...
2019-09-17 11:27:04: Avaliable ports:
2019-09-17 11:27:04: Now connecting to port COM1
2019-09-17 11:27:04: Port name - COM1; Method name - openPort(); Exception type - Port not found.
2019-09-17 11:27:04: Port name - COM1; Method name - openPort(); Exception type - Port not found.
2019-09-17 11:27:21: Port Closed sucessfully
2019-09-17 11:27:23: SYSMEX KX-21N handler started...
2019-09-17 11:27:23: Checking available ports on this system...
2019-09-17 11:27:23: Avaliable ports:
2019-09-17 11:27:23: Now connecting to port COM1
2019-09-17 11:27:23: Port name - COM1; Method name - openPort(); Exception type - Port not found.
2019-09-17 11:27:23: Port name - COM1; Method name - openPort(); Exception type - Port not found.
2019-09-17 11:28:00: SYSMEX KX-21N handler started...
2019-09-17 11:28:00: Checking available ports on this system...
2019-09-17 11:28:00: Avaliable ports:
2019-09-17 11:28:00: Now connecting to port COM1
2019-09-17 11:28:00: Port name - COM1; Method name - openPort(); Exception type - Port not found.
2019-09-17 11:28:00: Port name - COM1; Method name - openPort(); Exception type - Port not found.
2019-09-17 11:42:28: SYSMEX KX-21N handler started...
2019-09-17 11:42:28: Checking available ports on this system...
2019-09-17 11:42:29: Avaliable ports:
2019-09-17 11:42:29: /dev/tty.usbserial
2019-09-17 11:42:29: Now connecting to port COM1
2019-09-17 11:42:29: Port name - COM1; Method name - openPort(); Exception type - Port not found.
2019-09-17 11:42:29: Port name - COM1; Method name - openPort(); Exception type - Port not found.
2019-09-17 11:45:07: SYSMEX KX-21N handler started...
2019-09-17 11:45:07: Checking available ports on this system...
2019-09-17 11:45:07: Avaliable ports:
2019-09-17 11:45:07: /dev/tty.usbserial
2019-09-17 11:45:07: Now connecting to port COM1
2019-09-17 11:45:07: Port name - COM1; Method name - openPort(); Exception type - Port not found.
2019-09-17 11:45:07: Port name - COM1; Method name - openPort(); Exception type - Port not found.
2019-09-17 11:45:51: SYSMEX KX-21N handler started...
2019-09-17 11:45:51: Checking available ports on this system...
2019-09-17 11:45:51: Avaliable ports:
2019-09-17 11:45:51: /dev/tty.usbserial
2019-09-17 11:45:51: Now connecting to port COM1
2019-09-17 11:45:51: Port name - COM1; Method name - openPort(); Exception type - Port not found.
2019-09-17 11:45:51: Port name - COM1; Method name - openPort(); Exception type - Port not found.
2019-09-17 11:46:40: SYSMEX KX-21N handler started...
2019-09-17 11:46:40: Checking available ports on this system...
2019-09-17 11:46:40: Avaliable ports:
2019-09-17 11:46:40: /dev/tty.usbserial
2019-09-17 11:46:40: Now connecting to port COM1
2019-09-17 11:46:40: Port name - COM1; Method name - openPort(); Exception type - Port not found.
2019-09-17 11:46:40: Port name - COM1; Method name - openPort(); Exception type - Port not found.
2019-09-17 11:48:27: SYSMEX KX-21N handler started...
2019-09-17 11:48:27: Checking available ports on this system...
2019-09-17 11:48:27: Avaliable ports:
2019-09-17 11:48:27: /dev/tty.usbserial
2019-09-17 11:48:27: Now connecting to port /dev/tty.usbserial
2019-09-17 11:48:29: Connected sucessfully
2019-09-17 12:10:37: Port Closed sucessfully
2019-09-17 12:10:38: SYSMEX KX-21N handler started...
2019-09-17 12:10:38: Checking available ports on this system...
2019-09-17 12:10:38: Avaliable ports:
2019-09-17 12:10:38: Now connecting to port /dev/tty.usbserial
2019-09-17 12:10:38: Port name - /dev/tty.usbserial; Method name - openPort(); Exception type - Port not found.
2019-09-17 12:10:38: Port name - /dev/tty.usbserial; Method name - openPort(); Exception type - Port not found.
2019-09-17 12:10:40: Port Closed sucessfully
2019-09-17 12:10:46: SYSMEX KX-21N handler started...
2019-09-17 12:10:46: Checking available ports on this system...
2019-09-17 12:10:46: Avaliable ports:
2019-09-17 12:10:46: /dev/tty.usbserial
2019-09-17 12:10:46: Now connecting to port /dev/tty.usbserial
2019-09-17 12:10:48: Connected sucessfully
