2020-09-18 16:09:36: SYSMEX KX-21N handler started...
2020-09-18 16:09:36: Checking available ports on this system...
2020-09-18 16:09:36: Avaliable ports:
2020-09-18 16:09:36: Now connecting to port /dev/tty.usbserial
2020-09-18 16:09:36: Port name - /dev/tty.usbserial; Method name - openPort(); Exception type - Port not found.
2020-09-18 16:09:36: Port name - /dev/tty.usbserial; Method name - openPort(); Exception type - Port not found.
2020-09-18 16:12:28: Cobas AmpliPrep handler started...
2020-09-18 16:12:28: Starting Server socket on port 5150
2020-09-18 16:12:28: Waiting for Equipment connection...
2020-09-18 16:12:28: Listening on port 5150...
2020-09-18 16:12:38: Cobas AmpliPrep handler stopped
2020-09-18 16:12:38: could not listen on port :5150 Socket closed
2020-09-18 16:12:44: Cobas AmpliPrep handler started...
2020-09-18 16:12:44: Starting Server socket on port 5150
2020-09-18 16:12:44: Waiting for Equipment connection...
2020-09-18 16:12:44: Listening on port 5150...
2020-09-18 16:12:45: Cobas AmpliPrep handler stopped
2020-09-18 16:12:45: could not listen on port :5150 Socket closed
2020-09-18 16:12:46: Cobas AmpliPrep handler started...
2020-09-18 16:12:46: Starting Server socket on port 5150
2020-09-18 16:12:46: Waiting for Equipment connection...
2020-09-18 16:12:46: Listening on port 5150...
2020-09-18 16:12:47: Cobas AmpliPrep handler stopped
2020-09-18 16:12:47: could not listen on port :5150 Socket closed
2020-09-18 16:12:48: Cobas AmpliPrep handler started...
2020-09-18 16:12:48: Starting Server socket on port 5150
2020-09-18 16:12:48: Waiting for Equipment connection...
2020-09-18 16:12:48: Listening on port 5150...
2020-09-18 16:12:57: Cobas AmpliPrep is now Connected...
2020-09-18 16:12:57: Client thread has started
2020-09-18 16:12:57: Client thread has started
2020-09-18 16:20:21: Cobas AmpliPrep handler started...
2020-09-18 16:20:22: Starting Server socket on port 5150
2020-09-18 16:20:22: Waiting for Equipment connection...
2020-09-18 16:20:22: Listening on port 5150...
2020-09-18 16:22:15: Cobas AmpliPrep is now Connected...
2020-09-18 16:22:15: Client thread has started
2020-09-18 16:22:15: Client thread has started
2020-09-18 16:27:21: Connection reset
2020-09-18 16:27:21
java.net.SocketException: Connection reset
	at java.net.SocketInputStream.read(SocketInputStream.java:210)
	at java.net.SocketInputStream.read(SocketInputStream.java:141)
	at sun.nio.cs.StreamDecoder.readBytes(StreamDecoder.java:284)
	at sun.nio.cs.StreamDecoder.implRead(StreamDecoder.java:326)
	at sun.nio.cs.StreamDecoder.read(StreamDecoder.java:178)
	at java.io.InputStreamReader.read(InputStreamReader.java:184)
	at java.io.BufferedReader.fill(BufferedReader.java:161)
	at java.io.BufferedReader.readLine(BufferedReader.java:324)
	at java.io.BufferedReader.readLine(BufferedReader.java:389)
	at TCPIP.ClientThread.run(ClientThread.java:152)
2020-09-18 16:27:21: Connection reset
2020-09-18 16:27:21: The socket has been closed at the other end
